<?xml version="1.0" encoding="UTF-8"?>
<testng-results ignored="0" total="1" passed="1" failed="0" skipped="0">
  <reporter-output>
  </reporter-output>
  <suite started-at="2023-09-28T13:04:03 IST" name="Default suite" finished-at="2023-09-28T13:04:19 IST" duration-ms="15568">
    <groups>
    </groups>
    <test started-at="2023-09-28T13:04:03 IST" name="Default test" finished-at="2023-09-28T13:04:19 IST" duration-ms="15568">
      <class name="com.stc.gc2023.InvokeAppl">
        <test-method signature="f()[pri:0, instance:com.stc.gc2023.InvokeAppl@6f96c77]" started-at="2023-09-28T13:04:03 IST" name="f" finished-at="2023-09-28T13:04:19 IST" duration-ms="15540" status="PASS">
          <reporter-output>
          </reporter-output>
        </test-method> <!-- f -->
      </class> <!-- com.stc.gc2023.InvokeAppl -->
    </test> <!-- Default test -->
  </suite> <!-- Default suite -->
</testng-results>
